    ____  ____
   /   /\/   /
  /___/  \  /    VENDOR      : Xilinx Inc.
  \   \   \/     VERSION     : 12.4 (M.81d)
   \   \         APPLICATION : C:\Xilinx\12.4\ISE_DS\ISE\bin\nt64\unwrapped\compxlib.exe
   /   /         CONTENTS    : Compilation Log
  /___/   /\     FILENAME    : compxlib.log
  \   \  /  \    
   \___\/\___\

Release 12.4 - C:\Xilinx\12.4\ISE_DS\ISE\bin\nt64\unwrapped\compxlib.exe 12.4 (nt64)
Copyright (c) 1995-2010 Xilinx, Inc.  All rights reserved.

Processing command line ...
WARNING:Compxlib - The legacy option '-exclude_deprecated' will be obsolete in version 13.1. Please use the option '-exclude_superseded' for the same.
Library Source Paths => 'C:/Xilinx/12.4/ISE_DS/ISE'
Current Working Directory => 'C:\Users\chribru\Desktop\GitHub\tdt4255\processor1'
Compilation Mode = FAST
Execute Mode = ON
Scheduling library installation & compilation for architectures: spartan6

Scheduling library installation & compilation for libraries: simprim unisim xilinxcorelib edk

Signature:-
------------------------------------------------------------------------------
C:\Xilinx\12.4\ISE_DS\ISE\bin\nt64\unwrapped\compxlib.exe -s mti_se -l vhdl -p C:/modeltech_6.6d/win32 -arch spartan6 -lib unisim -lib simprim -lib xilinxcorelib -lib edk -exclude_deprecated -intstyle ise 
------------------------------------------------------------------------------
Get MODELSIM environment variable
MODELSIM: ( => 'c:\modeltech_6.6d\modelsim.ini' )
Using MODELSIM ( => 'c:\modeltech_6.6d\modelsim.ini' )

Setting up the simulator 'mti_se' for compilation ...
The executable path is set to 'C:/modeltech_6.6d/win32' ...
Setting up the source libraries for simulator 'mti_se' ...
